============================= test session starts =============================
platform win32 -- Python 3.11.9, pytest-9.0.2, pluggy-1.6.0 -- C:\Users\raila\AppData\Local\Programs\Python\Python311\python.exe
cachedir: .pytest_cache
rootdir: C:\Users\raila\OneDrive\Documents\G\github-repo-analyzer
collecting ... collected 0 items / 2 errors

=================================== ERRORS ====================================
___________________ ERROR collecting tests/test_pipeline.py ___________________
ImportError while importing test module 'C:\Users\raila\OneDrive\Documents\G\github-repo-analyzer\tests\test_pipeline.py'.
Hint: make sure your test modules/packages have valid Python names.
Traceback:
..\..\..\..\AppData\Local\Programs\Python\Python311\Lib\importlib\__init__.py:126: in import_module
    return _bootstrap._gcd_import(name[level:], package, level)
           ^^^^^^^^^^^^^^^^^^^^^^^^^^^^^^^^^^^^^^^^^^^^^^^^^^^^
tests\__init__.py:3: in <module>
    from .models import RepoMetrics, AnalysisResult, ScoreBreakdown
E   ModuleNotFoundError: No module named 'tests.models'
___________________ ERROR collecting tests/test_scoring.py ____________________
ImportError while importing test module 'C:\Users\raila\OneDrive\Documents\G\github-repo-analyzer\tests\test_scoring.py'.
Hint: make sure your test modules/packages have valid Python names.
Traceback:
..\..\..\..\AppData\Local\Programs\Python\Python311\Lib\importlib\__init__.py:126: in import_module
    return _bootstrap._gcd_import(name[level:], package, level)
           ^^^^^^^^^^^^^^^^^^^^^^^^^^^^^^^^^^^^^^^^^^^^^^^^^^^^
tests\__init__.py:3: in <module>
    from .models import RepoMetrics, AnalysisResult, ScoreBreakdown
E   ModuleNotFoundError: No module named 'tests.models'
=========================== short test summary info ===========================
ERROR tests/test_pipeline.py
ERROR tests/test_scoring.py
!!!!!!!!!!!!!!!!!!! Interrupted: 2 errors during collection !!!!!!!!!!!!!!!!!!!
============================== 2 errors in 0.14s ==============================

STDERR:
